2020.02.25 15:55:01
Имя: wewd
Телефон: wdwdw
Почта: grundickDJ@mail.ru
Сообщение: dsdads
Адрес страницы: http://mcash.local/

2020.02.25 15:55:49
: ngy
: +0118 (858) 585-85-85
Адрес страницы: http://mcash.local/

2020.02.25 15:56:35
: тест
: +0118 (473) 894-92-34
Адрес страницы: http://mcash.local/

2020.02.25 15:56:53
: вав
: +0118 (343) 423-42-34
Адрес страницы: http://mcash.local/

2020.02.25 15:57:27
: test
: +0118 (432) 482-93-42
Адрес страницы: http://mcash.local/

2020.02.25 16:40:04
: test
: +0118 (894) 564-12-35
Адрес страницы: http://mcash.local/

2020.02.25 16:52:15
Name: name
Phone: +0118 (858) 585-58-49
Адрес страницы: http://mcash.local/

2020.02.25 17:08:54
: +0118 (456) 854-68-66
: 3
Адрес страницы: http://mcash.local/#

2020.02.25 17:12:00
: +0118 (784) 556-87-56
: 3
Адрес страницы: http://mcash.local/#

2020.02.25 17:16:11
: +0118 (233) 267-67-67
: 3
Адрес страницы: http://mcash.local/#

2020.02.25 17:17:19
: +0118 (343) 423-42-34
: 3
Адрес страницы: http://mcash.local/#

2020.02.25 17:31:21
: +0118 (332) 323-23-23
: 2
Адрес страницы: http://mcash.local/#

2020.02.25 17:32:58
: +0118 (323) 231-24-14
: 3
Адрес страницы: http://mcash.local/#

2020.02.25 17:33:35
: +0118 (455) 645-64-78
: 2
Адрес страницы: http://mcash.local/#

2020.02.25 17:34:08
: +0118 (343) 423-54-54
: 4
Адрес страницы: http://mcash.local/#

2020.02.25 17:34:26
: +0118 (323) 232-32-32
: 3
Адрес страницы: http://mcash.local/#

2020.02.25 17:36:02
: +0118 (433) 434-34-23
: 3
Адрес страницы: http://mcash.local/#

2020.02.25 17:36:28
: +0118 (323) 212-31-41
: 2
Адрес страницы: http://mcash.local/#

2020.02.25 17:38:47
: +0118 (323) 123-12-31
: 2
Адрес страницы: http://mcash.local/#

2020.02.25 17:39:43
: +0118 (232) 323-12-31
: 2
Адрес страницы: http://mcash.local/#

2020.02.25 17:40:10
: +0118 (323) 232-32-32
: 32
Адрес страницы: http://mcash.local/#

2020.02.25 17:41:44
: +0118 (232) 323-23-23
: 23
Адрес страницы: http://mcash.local/#

2020.02.25 17:44:30
: +0118 (323) 232-32-32
: 23
Адрес страницы: http://mcash.local/#

2020.02.25 17:45:55
: +0118 (232) 321-23-14
: 23
Адрес страницы: http://mcash.local/#

